c:\users\hema\desktop\project\ums_gui\debug\vc142.pdb
c:\users\hema\desktop\project\ums_gui\debug\moc_login.obj
c:\users\hema\desktop\project\ums_gui\debug\course.obj
c:\users\hema\desktop\project\ums_gui\debug\main.obj
c:\users\hema\desktop\project\ums_gui\debug\student.obj
c:\users\hema\desktop\project\ums_gui\debug\admin.obj
c:\users\hema\desktop\project\ums_gui\debug\login.obj
c:\users\hema\desktop\project\ums_gui\debug\sqlite3.obj
c:\users\hema\desktop\project\ums_gui\debug\shell.obj
c:\users\hema\desktop\project\ums_gui\debug\moc_predefs.h
c:\users\hema\desktop\project\ums_gui\debug\ums_gui.ilk
c:\users\hema\desktop\project\ums_gui\debug\ums_gui.exe
c:\users\hema\desktop\project\ums_gui\debug\ums_gui.pdb
c:\users\hema\desktop\project\ums_gui\debug\moc_login.cpp
c:\users\hema\desktop\project\ums_gui\ui_login.h
c:\users\hema\desktop\project\ums_gui\debug\ums_gui.tlog\cl.command.1.tlog
c:\users\hema\desktop\project\ums_gui\debug\ums_gui.tlog\cl.read.1.tlog
c:\users\hema\desktop\project\ums_gui\debug\ums_gui.tlog\cl.write.1.tlog
c:\users\hema\desktop\project\ums_gui\debug\ums_gui.tlog\custombuild.command.1.tlog
c:\users\hema\desktop\project\ums_gui\debug\ums_gui.tlog\custombuild.read.1.tlog
c:\users\hema\desktop\project\ums_gui\debug\ums_gui.tlog\custombuild.write.1.tlog
c:\users\hema\desktop\project\ums_gui\debug\ums_gui.tlog\link.command.1.tlog
c:\users\hema\desktop\project\ums_gui\debug\ums_gui.tlog\link.read.1.tlog
c:\users\hema\desktop\project\ums_gui\debug\ums_gui.tlog\link.write.1.tlog
c:\users\hema\desktop\project\ums_gui\debug\ums_gui.tlog\moc.read.1u.tlog
c:\users\hema\desktop\project\ums_gui\debug\ums_gui.tlog\moc.write.1u.tlog
c:\users\hema\desktop\project\ums_gui\debug\ums_gui.tlog\uic.read.1u.tlog
c:\users\hema\desktop\project\ums_gui\debug\ums_gui.tlog\uic.write.1u.tlog
c:\users\hema\desktop\project\ums_gui\debug\ums_gui.tlog\ums_gui.write.1u.tlog
